Using pre-set license
Built from '2020.2/staging' branch; Version is '2020.2.6f1 (8a2143876886) revision 9052483'; Using compiler version '192528614'; Build Type 'Release'
OS: 'Windows 10 Home; OS build 19042.1415; Version 2009; 64bit' Language: 'en' Physical Memory: 16257 MB
BatchMode: 1, IsHumanControllingUs: 0, StartBugReporterOnCrash: 0, Is64bit: 1, IsPro: 0

 COMMAND LINE ARGUMENTS:
C:\Program Files\Unity\Hub\Editor\2020.2.6f1\Editor\Unity.exe
-adb2
-batchMode
-noUpm
-name
AssetImportWorker0
-projectPath
C:/Users/darkb/Unity Projects/Flappy Clone
-logFile
Logs/AssetImportWorker0.log
-srvPort
60495
Successfully changed project path to: C:/Users/darkb/Unity Projects/Flappy Clone
C:/Users/darkb/Unity Projects/Flappy Clone
Using Asset Import Pipeline V2.
Refreshing native plugins compatible for Editor in 35.26 ms, found 1 plugins.
Preloading 0 native plugins for Editor in 0.00 ms.
Initialize engine version: 2020.2.6f1 (8a2143876886)
[Subsystems] Discovering subsystems at path C:/Program Files/Unity/Hub/Editor/2020.2.6f1/Editor/Data/Resources/UnitySubsystems
[Subsystems] Discovering subsystems at path C:/Users/darkb/Unity Projects/Flappy Clone/Assets
GfxDevice: creating device client; threaded=0
Direct3D:
    Version:  Direct3D 11.0 [level 11.1]
    Renderer: NVIDIA GeForce GTX 1050 Ti (ID=0x1c8c)
    Vendor:   
    VRAM:     4018 MB
    Driver:   27.21.14.5749
Initialize mono
Mono path[0] = 'C:/Program Files/Unity/Hub/Editor/2020.2.6f1/Editor/Data/Managed'
Mono path[1] = 'C:/Program Files/Unity/Hub/Editor/2020.2.6f1/Editor/Data/MonoBleedingEdge/lib/mono/unityjit'
Mono config path = 'C:/Program Files/Unity/Hub/Editor/2020.2.6f1/Editor/Data/MonoBleedingEdge/etc'
Using monoOptions --debugger-agent=transport=dt_socket,embedding=1,server=y,suspend=n,address=127.0.0.1:56632
Begin MonoManager ReloadAssembly
Registering precompiled unity dll's ...
Register platform support module: C:/Program Files/Unity/Hub/Editor/2020.2.6f1/Editor/Data/PlaybackEngines/WindowsStandaloneSupport/UnityEditor.WindowsStandalone.Extensions.dll
Registered in 0.002214 seconds.
Native extension for WindowsStandalone target not found
Refreshing native plugins compatible for Editor in 33.33 ms, found 1 plugins.
Preloading 0 native plugins for Editor in 0.00 ms.
Invoked RoslynAnalysisRunner static constructor.
RoslynAnalysisRunner will not be running.
RoslynAnalysisRunner has terminated.
Mono: successfully reloaded assembly
- Completed reload, in  1.103 seconds
Platform modules already initialized, skipping
Registering precompiled user dll's ...
Registered in 0.001022 seconds.
Begin MonoManager ReloadAssembly
Native extension for WindowsStandalone target not found
Refreshing native plugins compatible for Editor in 32.79 ms, found 1 plugins.
Preloading 0 native plugins for Editor in 0.00 ms.
Invoked RoslynAnalysisRunner static constructor.
RoslynAnalysisRunner will not be running.
RoslynAnalysisRunner has terminated.
Mono: successfully reloaded assembly
- Completed reload, in  0.892 seconds
Platform modules already initialized, skipping
========================================================================
Worker process is ready to serve import requests
Launched and connected shader compiler UnityShaderCompiler.exe after 0.06 seconds
Refreshing native plugins compatible for Editor in 0.31 ms, found 1 plugins.
Preloading 0 native plugins for Editor in 0.00 ms.
Unloading 1802 Unused Serialized files (Serialized files now loaded: 0)
System memory in use before: 84.5 MB.
System memory in use after: 84.5 MB.

Unloading 24 unused Assets to reduce memory usage. Loaded Objects now: 2245.
Total: 2.023800 ms (FindLiveObjects: 0.150600 ms CreateObjectMapping: 0.056400 ms MarkObjects: 1.701800 ms  DeleteObjects: 0.114300 ms)

========================================================================
Received Import Request.
  path: Assets/Flappy Clone/Fonts
  artifactKey: Guid(1494736beccca3943a0ae0219c94b621) Importer(815301076,1909f56bfc062723c751e8b465ee728b)
Start importing Assets/Flappy Clone/Fonts using Guid(1494736beccca3943a0ae0219c94b621) Importer(815301076,1909f56bfc062723c751e8b465ee728b)  -> (artifact id: '8f3a1854c5e6daf722db4f0611c4cff5') in 0.009181 seconds
  Import took 0.011760 seconds .

========================================================================
Received Import Request.
  Time since last request: 0.000286 seconds.
  path: Assets/Flappy Clone/Fonts/Valorant Font.ttf
  artifactKey: Guid(c596c0c70474e0c48a872b24f79ae19e) Importer(815301076,1909f56bfc062723c751e8b465ee728b)
Start importing Assets/Flappy Clone/Fonts/Valorant Font.ttf using Guid(c596c0c70474e0c48a872b24f79ae19e) Importer(815301076,1909f56bfc062723c751e8b465ee728b)  -> (artifact id: 'c110b57de68cea5b5d2fa5f530786d35') in 0.124607 seconds
  Import took 0.127300 seconds .

========================================================================
Received Prepare
Registering precompiled user dll's ...
Registered in 0.001106 seconds.
Begin MonoManager ReloadAssembly
Native extension for WindowsStandalone target not found
Refreshing native plugins compatible for Editor in 0.31 ms, found 1 plugins.
Preloading 0 native plugins for Editor in 0.00 ms.
Invoked RoslynAnalysisRunner static constructor.
RoslynAnalysisRunner will not be running.
RoslynAnalysisRunner has terminated.
Mono: successfully reloaded assembly
- Completed reload, in  0.799 seconds
Platform modules already initialized, skipping
Refreshing native plugins compatible for Editor in 0.31 ms, found 1 plugins.
Preloading 0 native plugins for Editor in 0.00 ms.
Unloading 1797 Unused Serialized files (Serialized files now loaded: 0)
System memory in use before: 88.0 MB.
System memory in use after: 88.0 MB.

Unloading 12 unused Assets to reduce memory usage. Loaded Objects now: 2292.
Total: 1.896300 ms (FindLiveObjects: 0.176300 ms CreateObjectMapping: 0.065500 ms MarkObjects: 1.562200 ms  DeleteObjects: 0.091300 ms)

AssetImportWorkerClient::OnTransportError - code=2 error=End of file
